2023-05-11 13:18:18,219 -INFO - Request: GET http://localhost:8000/docs
2023-05-11 13:18:18,222 -INFO - Response: 200 | Time: 3.00 ms
2023-05-11 13:18:18,976 -INFO - Request: GET http://localhost:8000/openapi.json
2023-05-11 13:18:18,985 -INFO - Response: 200 | Time: 9.00 ms
2023-05-11 13:18:55,396 -INFO - Request: GET http://localhost:8000/api/v1/suggestion
2023-05-11 13:18:55,396 -INFO - Response: 404 | Time: 0.00 ms
2023-05-11 13:19:23,445 -INFO - Request: GET http://localhost:8000/docs
2023-05-11 13:19:23,446 -INFO - Response: 200 | Time: 1.00 ms
2023-05-11 13:19:23,651 -INFO - Request: GET http://localhost:8000/openapi.json
2023-05-11 13:19:23,660 -INFO - Response: 200 | Time: 9.00 ms
2023-05-11 13:19:29,984 -INFO - Request: GET http://localhost:8000/api/v1/suggestion
2023-05-11 13:19:29,984 -INFO - Response: 405 | Time: 0.00 ms
2023-05-11 13:19:33,900 -INFO - Request: POST http://localhost:8000/api/v1/suggestion
2023-05-11 13:19:33,901 -INFO - Response: 422 | Time: 1.00 ms
2023-05-11 13:19:46,492 -INFO - Request: POST http://localhost:8000/api/v1/suggestion
2023-05-11 13:19:46,493 -INFO - Response: 422 | Time: 1.00 ms
2023-05-11 13:19:56,389 -INFO - Request: POST http://localhost:8000/api/v1/suggestion
2023-05-11 13:19:56,392 -INFO - Response: 422 | Time: 3.00 ms
2023-05-11 13:20:07,340 -INFO - Request: POST http://localhost:8000/api/v1/suggestion
2023-05-11 13:20:07,343 -INFO - Response: 200 | Time: 2.75 ms
2023-05-11 13:58:38,566 -INFO - Request: GET http://localhost:8000/docs
2023-05-11 13:58:38,567 -INFO - Response: 200 | Time: 1.01 ms
2023-05-11 13:58:38,884 -INFO - Request: GET http://localhost:8000/openapi.json
2023-05-11 13:58:38,894 -INFO - Response: 200 | Time: 10.09 ms
2023-05-11 13:59:28,509 -INFO - Request: GET http://localhost:8000/docs
2023-05-11 13:59:28,509 -INFO - Response: 200 | Time: 0.00 ms
2023-05-11 13:59:28,732 -INFO - Request: GET http://localhost:8000/openapi.json
2023-05-11 13:59:28,732 -INFO - Response: 200 | Time: 0.00 ms
2023-05-11 13:59:50,702 -INFO - Request: GET http://localhost:8000/docs
2023-05-11 13:59:50,702 -INFO - Response: 200 | Time: 0.00 ms
2023-05-11 13:59:50,929 -INFO - Request: GET http://localhost:8000/openapi.json
2023-05-11 13:59:50,929 -INFO - Response: 200 | Time: 0.00 ms
2023-05-11 14:00:03,038 -INFO - Request: GET http://localhost:8000/docs
2023-05-11 14:00:03,039 -INFO - Response: 200 | Time: 1.00 ms
2023-05-11 14:00:03,229 -INFO - Request: GET http://localhost:8000/openapi.json
2023-05-11 14:00:03,231 -INFO - Response: 200 | Time: 1.01 ms
2023-05-11 14:01:22,549 -INFO - Request: GET http://localhost:8000/docs
2023-05-11 14:01:22,550 -INFO - Response: 200 | Time: 1.00 ms
2023-05-11 14:01:22,771 -INFO - Request: GET http://localhost:8000/openapi.json
2023-05-11 14:01:22,781 -INFO - Response: 200 | Time: 10.06 ms
2023-05-11 14:01:55,414 -INFO - Request: POST http://localhost:8000/api/v1/call_gpt
2023-05-11 14:02:43,803 -INFO - Request: POST http://localhost:8000/api/v1/call_gpt
2023-05-11 14:04:14,574 -INFO - Request: GET http://localhost:8000/docs
2023-05-11 14:04:14,574 -INFO - Response: 200 | Time: 0.00 ms
2023-05-11 14:04:14,786 -INFO - Request: GET http://localhost:8000/openapi.json
2023-05-11 14:04:14,796 -INFO - Response: 200 | Time: 10.53 ms
2023-05-11 14:04:28,740 -INFO - Request: POST http://localhost:8000/api/v1/call_gpt
2023-05-11 14:04:56,154 -INFO - Request: POST http://localhost:8000/api/v1/call_gpt
2023-05-11 14:07:04,463 -INFO - Request: POST http://localhost:8000/api/v1/call_gpt
2023-05-11 14:08:26,391 -INFO - Request: POST http://localhost:8000/api/v1/call_gpt
2023-05-11 14:10:56,109 -INFO - Request: POST http://localhost:8000/api/v1/call_gpt
2023-05-11 14:11:17,900 -INFO - Request: POST http://localhost:8000/api/v1/call_gpt
2023-05-11 14:11:20,394 -INFO - Response: 200 | Time: 2493.93 ms
2023-05-11 14:12:15,360 -INFO - Request: POST http://localhost:8000/api/v1/call_gpt
2023-05-11 14:12:17,446 -INFO - Response: 200 | Time: 2085.54 ms
2023-05-11 14:12:40,646 -INFO - Request: POST http://localhost:8000/api/v1/call_gpt
2023-05-11 14:12:47,040 -INFO - Response: 200 | Time: 6393.44 ms
2023-05-11 14:13:04,247 -INFO - Request: POST http://localhost:8000/api/v1/call_gpt
2023-05-11 14:13:32,863 -INFO - Response: 200 | Time: 28616.28 ms
2023-05-11 14:13:51,504 -INFO - Request: POST http://localhost:8000/api/v1/call_gpt
2023-05-11 14:13:59,741 -INFO - Response: 200 | Time: 8236.87 ms
2023-05-11 14:18:59,644 -INFO - Request: GET http://localhost:8000/docs
2023-05-11 14:18:59,644 -INFO - Response: 200 | Time: 0.00 ms
2023-05-11 14:18:59,891 -INFO - Request: GET http://localhost:8000/openapi.json
2023-05-11 14:18:59,900 -INFO - Response: 200 | Time: 9.56 ms
2023-05-11 14:20:42,295 -INFO - Request: POST http://localhost:8000/api/v1/suggestion
2023-05-11 14:20:42,296 -INFO - Response: 422 | Time: 1.01 ms
2023-05-11 14:22:13,784 -INFO - Request: POST http://localhost:8000/api/v1/suggestion
2023-05-11 14:22:13,786 -INFO - Response: 422 | Time: 2.00 ms
2023-05-11 14:23:59,378 -INFO - Request: POST http://localhost:8000/api/v1/suggestion
2023-05-11 14:23:59,380 -INFO - Response: 422 | Time: 2.00 ms
2023-05-11 14:24:48,304 -INFO - Request: POST http://localhost:8000/api/v1/suggestion
2023-05-11 14:24:52,364 -INFO - Response: 200 | Time: 4059.91 ms
2023-05-11 14:25:17,804 -INFO - Request: POST http://localhost:8000/api/v1/suggestion
2023-05-11 14:25:22,342 -INFO - Response: 200 | Time: 4537.19 ms
2023-05-11 14:27:18,105 -INFO - Request: POST http://localhost:8000/api/v1/suggestion
2023-05-11 14:27:20,930 -INFO - Response: 200 | Time: 2825.02 ms
2023-05-11 14:27:50,147 -INFO - Request: POST http://localhost:8000/api/v1/suggestion
2023-05-11 14:27:52,984 -INFO - Response: 200 | Time: 2836.58 ms
2023-05-11 14:28:42,117 -INFO - Request: POST http://localhost:8000/api/v1/suggestion
2023-05-11 14:29:28,861 -INFO - Response: 200 | Time: 46744.18 ms
2023-05-11 14:29:38,736 -INFO - Request: POST http://localhost:8000/api/v1/suggestion
2023-05-11 14:32:14,355 -INFO - Response: 200 | Time: 155619.02 ms
2023-05-11 14:32:14,359 -INFO - Request: POST http://localhost:8000/api/v1/suggestion
2023-05-11 14:32:14,367 -INFO - Response: 422 | Time: 7.53 ms
2023-05-11 14:32:19,394 -INFO - Request: POST http://localhost:8000/api/v1/suggestion
2023-05-11 14:32:19,397 -INFO - Response: 422 | Time: 3.01 ms
2023-05-11 14:32:34,919 -INFO - Request: POST http://localhost:8000/api/v1/suggestion
2023-05-11 14:32:34,921 -INFO - Response: 422 | Time: 2.01 ms
2023-05-11 14:32:44,292 -INFO - Request: POST http://localhost:8000/api/v1/suggestion
2023-05-11 14:33:27,412 -INFO - Request: POST http://localhost:8000/api/v1/suggestion
2023-05-11 14:33:56,894 -INFO - Response: 200 | Time: 29483.04 ms
2023-05-11 14:35:31,041 -INFO - Request: POST http://localhost:8000/api/v1/suggestion
2023-05-11 14:35:48,166 -INFO - Response: 200 | Time: 17125.61 ms
2023-05-11 14:36:58,733 -INFO - Request: POST http://localhost:8000/api/v1/suggestion
2023-05-11 14:37:23,126 -INFO - Response: 200 | Time: 24392.18 ms
2023-05-11 14:55:34,767 -INFO - Request: POST http://localhost:8000/api/v1/stable_diffustion
2023-05-11 14:55:34,772 -INFO - Response: 422 | Time: 4.00 ms
2023-05-11 14:55:57,081 -INFO - Request: GET http://localhost:8000/api/v1/stable_diffustion
2023-05-11 14:55:57,082 -INFO - Response: 405 | Time: 1.00 ms
2023-05-11 14:56:01,333 -INFO - Request: POST http://localhost:8000/api/v1/stable_diffustion
2023-05-11 14:56:33,471 -INFO - Request: POST http://localhost:8000/api/v1/stable_diffustion
2023-05-11 14:58:58,437 -INFO - Request: POST http://localhost:8000/api/v1/stable_diffustion
2023-05-11 14:59:38,817 -INFO - Request: POST http://localhost:8000/api/v1/stable_diffustion
2023-05-11 15:02:06,509 -INFO - Request: POST http://localhost:8000/api/v1/stable_diffustion
2023-05-11 15:04:16,390 -INFO - Request: POST http://localhost:8000/api/v1/stable_diffustion
2023-05-11 15:05:04,751 -INFO - Response: 200 | Time: 48361.22 ms
2023-05-11 15:08:18,841 -INFO - Request: POST http://localhost:8000/api/v1/stable_diffustion
2023-05-11 15:09:09,199 -INFO - Response: 200 | Time: 50358.76 ms
2023-05-11 15:09:56,627 -INFO - Request: POST http://localhost:8000/api/v1/stable_diffustion
2023-05-11 15:10:44,483 -INFO - Response: 200 | Time: 47857.31 ms
2023-05-11 16:00:31,499 -INFO - Request: POST http://localhost:8000/api/v1/suggestion
2023-05-11 16:00:55,076 -INFO - Response: 200 | Time: 23577.37 ms
2023-05-11 16:03:20,949 -INFO - Request: OPTIONS http://localhost:8000/api/v1/suggestion
2023-05-11 16:03:20,949 -INFO - Request: OPTIONS http://localhost:8000/api/v1/suggestion
2023-05-11 16:03:20,950 -INFO - Response: 405 | Time: 1.00 ms
2023-05-11 16:03:20,951 -INFO - Response: 405 | Time: 2.00 ms
2023-05-11 16:03:23,707 -INFO - Request: OPTIONS http://localhost:8000/api/v1/suggestion
2023-05-11 16:03:23,707 -INFO - Response: 405 | Time: 0.00 ms
2023-05-11 16:03:23,707 -INFO - Request: OPTIONS http://localhost:8000/api/v1/suggestion
2023-05-11 16:03:23,707 -INFO - Response: 405 | Time: 0.00 ms
2023-05-11 16:03:24,924 -INFO - Request: OPTIONS http://localhost:8000/api/v1/suggestion
2023-05-11 16:03:24,924 -INFO - Response: 405 | Time: 0.00 ms
2023-05-11 16:03:24,924 -INFO - Request: OPTIONS http://localhost:8000/api/v1/suggestion
2023-05-11 16:03:24,924 -INFO - Response: 405 | Time: 0.00 ms
2023-05-11 16:03:27,046 -INFO - Request: OPTIONS http://localhost:8000/api/v1/suggestion
2023-05-11 16:03:27,046 -INFO - Response: 405 | Time: 1.00 ms
2023-05-11 16:05:05,781 -INFO - Request: OPTIONS http://localhost:8000/api/v1/suggestion
2023-05-11 16:05:05,782 -INFO - Request: OPTIONS http://localhost:8000/api/v1/suggestion
2023-05-11 16:05:05,783 -INFO - Response: 200 | Time: 2.00 ms
2023-05-11 16:05:05,785 -INFO - Response: 200 | Time: 3.00 ms
2023-05-11 16:05:05,812 -INFO - Request: POST http://localhost:8000/api/v1/suggestion
2023-05-11 16:05:20,736 -INFO - Response: 200 | Time: 14924.07 ms
2023-05-11 16:05:20,740 -INFO - Request: POST http://localhost:8000/api/v1/suggestion
2023-05-11 16:05:20,742 -INFO - Request: POST http://localhost:8000/api/v1/suggestion
2023-05-11 16:05:20,743 -INFO - Request: POST http://localhost:8000/api/v1/suggestion
2023-05-11 16:05:20,745 -INFO - Request: POST http://localhost:8000/api/v1/suggestion
2023-05-11 16:06:18,515 -INFO - Request: POST http://localhost:8000/api/v1/suggestion
2023-05-11 16:06:18,515 -INFO - Request: POST http://localhost:8000/api/v1/suggestion
2023-05-11 16:07:42,118 -INFO - Request: POST http://localhost:8000/api/v1/suggestion
2023-05-11 16:07:42,118 -INFO - Request: POST http://localhost:8000/api/v1/suggestion
2023-05-11 16:08:36,921 -INFO - Response: 200 | Time: 54803.17 ms
2023-05-11 16:08:36,921 -INFO - Response: 200 | Time: 54803.17 ms
2023-05-11 16:19:03,878 -INFO - Request: OPTIONS http://localhost:8000/api/v1/suggestion
2023-05-11 16:19:03,881 -INFO - Response: 200 | Time: 3.00 ms
2023-05-11 16:19:03,908 -INFO - Request: OPTIONS http://localhost:8000/api/v1/suggestion
2023-05-11 16:19:03,916 -INFO - Response: 200 | Time: 8.01 ms
2023-05-11 16:19:03,919 -INFO - Request: OPTIONS http://localhost:8000/api/v1/suggestion
2023-05-11 16:19:03,922 -INFO - Request: OPTIONS http://localhost:8000/api/v1/suggestion
2023-05-11 16:19:03,926 -INFO - Request: OPTIONS http://localhost:8000/api/v1/suggestion
2023-05-11 16:19:03,927 -INFO - Request: OPTIONS http://localhost:8000/api/v1/suggestion
2023-05-11 16:19:03,928 -INFO - Request: OPTIONS http://localhost:8000/api/v1/suggestion
2023-05-11 16:19:03,929 -INFO - Response: 200 | Time: 10.99 ms
2023-05-11 16:19:03,982 -INFO - Response: 200 | Time: 60.00 ms
2023-05-11 16:19:03,985 -INFO - Response: 200 | Time: 59.00 ms
2023-05-11 16:19:03,988 -INFO - Response: 200 | Time: 61.00 ms
2023-05-11 16:19:03,991 -INFO - Response: 200 | Time: 63.00 ms
2023-05-11 16:19:04,002 -INFO - Request: OPTIONS http://localhost:8000/api/v1/suggestion
2023-05-11 16:19:04,004 -INFO - Response: 200 | Time: 2.00 ms
2023-05-11 16:19:04,011 -INFO - Request: OPTIONS http://localhost:8000/api/v1/suggestion
2023-05-11 16:19:04,012 -INFO - Response: 200 | Time: 1.00 ms
2023-05-11 16:19:04,019 -INFO - Request: OPTIONS http://localhost:8000/api/v1/suggestion
2023-05-11 16:19:04,020 -INFO - Response: 200 | Time: 1.00 ms
2023-05-11 16:19:04,028 -INFO - Request: OPTIONS http://localhost:8000/api/v1/suggestion
2023-05-11 16:19:04,029 -INFO - Response: 200 | Time: 1.00 ms
2023-05-11 16:19:04,036 -INFO - Request: OPTIONS http://localhost:8000/api/v1/suggestion
2023-05-11 16:19:04,037 -INFO - Response: 200 | Time: 1.00 ms
2023-05-11 16:19:04,048 -INFO - Request: OPTIONS http://localhost:8000/api/v1/suggestion
2023-05-11 16:19:04,049 -INFO - Response: 200 | Time: 1.01 ms
2023-05-11 16:19:04,075 -INFO - Request: OPTIONS http://localhost:8000/api/v1/suggestion
2023-05-11 16:19:04,076 -INFO - Response: 200 | Time: 0.98 ms
2023-05-11 16:19:04,082 -INFO - Request: OPTIONS http://localhost:8000/api/v1/suggestion
2023-05-11 16:19:04,083 -INFO - Response: 200 | Time: 1.00 ms
2023-05-11 16:19:04,093 -INFO - Request: OPTIONS http://localhost:8000/api/v1/suggestion
2023-05-11 16:19:04,094 -INFO - Response: 200 | Time: 1.00 ms
2023-05-11 16:19:04,101 -INFO - Request: OPTIONS http://localhost:8000/api/v1/suggestion
2023-05-11 16:19:04,102 -INFO - Response: 200 | Time: 1.00 ms
2023-05-11 16:19:04,111 -INFO - Request: OPTIONS http://localhost:8000/api/v1/suggestion
2023-05-11 16:19:04,112 -INFO - Response: 200 | Time: 1.00 ms
2023-05-11 16:19:04,119 -INFO - Request: OPTIONS http://localhost:8000/api/v1/suggestion
2023-05-11 16:19:04,120 -INFO - Response: 200 | Time: 1.00 ms
2023-05-11 16:19:04,127 -INFO - Request: OPTIONS http://localhost:8000/api/v1/suggestion
2023-05-11 16:19:04,128 -INFO - Response: 200 | Time: 1.00 ms
2023-05-11 16:19:04,135 -INFO - Request: OPTIONS http://localhost:8000/api/v1/suggestion
2023-05-11 16:19:04,136 -INFO - Response: 200 | Time: 1.00 ms
2023-05-11 16:19:04,143 -INFO - Request: OPTIONS http://localhost:8000/api/v1/suggestion
2023-05-11 16:19:04,144 -INFO - Response: 200 | Time: 1.00 ms
2023-05-11 16:19:04,151 -INFO - Request: OPTIONS http://localhost:8000/api/v1/suggestion
2023-05-11 16:19:04,152 -INFO - Response: 200 | Time: 1.00 ms
2023-05-11 16:19:04,159 -INFO - Request: OPTIONS http://localhost:8000/api/v1/suggestion
2023-05-11 16:19:04,159 -INFO - Response: 200 | Time: 0.00 ms
2023-05-11 16:19:04,165 -INFO - Request: OPTIONS http://localhost:8000/api/v1/suggestion
2023-05-11 16:19:04,166 -INFO - Response: 200 | Time: 1.00 ms
2023-05-11 16:19:04,172 -INFO - Request: OPTIONS http://localhost:8000/api/v1/suggestion
2023-05-11 16:19:04,173 -INFO - Response: 200 | Time: 0.00 ms
2023-05-11 16:19:04,179 -INFO - Request: OPTIONS http://localhost:8000/api/v1/suggestion
2023-05-11 16:19:04,179 -INFO - Response: 200 | Time: 0.00 ms
2023-05-11 16:19:04,185 -INFO - Request: OPTIONS http://localhost:8000/api/v1/suggestion
2023-05-11 16:19:04,186 -INFO - Response: 200 | Time: 1.00 ms
2023-05-11 16:19:04,192 -INFO - Request: OPTIONS http://localhost:8000/api/v1/suggestion
2023-05-11 16:19:04,193 -INFO - Response: 200 | Time: 1.00 ms
2023-05-11 16:19:04,200 -INFO - Request: OPTIONS http://localhost:8000/api/v1/suggestion
2023-05-11 16:19:04,200 -INFO - Response: 200 | Time: 0.00 ms
2023-05-11 16:19:04,207 -INFO - Request: OPTIONS http://localhost:8000/api/v1/suggestion
2023-05-11 16:19:04,208 -INFO - Response: 200 | Time: 1.00 ms
2023-05-11 16:19:04,214 -INFO - Request: OPTIONS http://localhost:8000/api/v1/suggestion
2023-05-11 16:19:04,214 -INFO - Response: 200 | Time: 1.00 ms
2023-05-11 16:19:04,220 -INFO - Request: OPTIONS http://localhost:8000/api/v1/suggestion
2023-05-11 16:19:04,221 -INFO - Response: 200 | Time: 1.00 ms
2023-05-11 16:19:04,229 -INFO - Request: OPTIONS http://localhost:8000/api/v1/suggestion
2023-05-11 16:19:04,230 -INFO - Request: OPTIONS http://localhost:8000/api/v1/suggestion
2023-05-11 16:19:04,231 -INFO - Response: 200 | Time: 2.00 ms
2023-05-11 16:19:04,232 -INFO - Response: 200 | Time: 2.00 ms
2023-05-11 16:19:04,238 -INFO - Request: OPTIONS http://localhost:8000/api/v1/suggestion
2023-05-11 16:19:04,239 -INFO - Response: 200 | Time: 1.00 ms
2023-05-11 16:19:04,242 -INFO - Request: OPTIONS http://localhost:8000/api/v1/suggestion
2023-05-11 16:19:04,243 -INFO - Response: 200 | Time: 1.00 ms
2023-05-11 16:19:04,247 -INFO - Request: OPTIONS http://localhost:8000/api/v1/suggestion
2023-05-11 16:19:04,249 -INFO - Response: 200 | Time: 2.00 ms
2023-05-11 16:19:04,253 -INFO - Request: OPTIONS http://localhost:8000/api/v1/suggestion
2023-05-11 16:19:04,255 -INFO - Response: 200 | Time: 2.00 ms
2023-05-11 16:19:04,262 -INFO - Request: OPTIONS http://localhost:8000/api/v1/suggestion
2023-05-11 16:19:04,264 -INFO - Response: 200 | Time: 2.02 ms
2023-05-11 16:19:04,285 -INFO - Request: OPTIONS http://localhost:8000/api/v1/suggestion
2023-05-11 16:19:04,300 -INFO - Response: 200 | Time: 15.01 ms
2023-05-11 16:19:04,308 -INFO - Request: OPTIONS http://localhost:8000/api/v1/suggestion
2023-05-11 16:19:04,311 -INFO - Request: OPTIONS http://localhost:8000/api/v1/suggestion
2023-05-11 16:19:04,317 -INFO - Request: OPTIONS http://localhost:8000/api/v1/suggestion
2023-05-11 16:19:04,318 -INFO - Request: OPTIONS http://localhost:8000/api/v1/suggestion
2023-05-11 16:19:04,320 -INFO - Request: OPTIONS http://localhost:8000/api/v1/suggestion
2023-05-11 16:19:04,322 -INFO - Response: 200 | Time: 14.00 ms
2023-05-11 16:19:04,325 -INFO - Response: 200 | Time: 14.01 ms
2023-05-11 16:19:04,337 -INFO - Response: 200 | Time: 20.00 ms
2023-05-11 16:19:04,348 -INFO - Response: 200 | Time: 30.00 ms
2023-05-11 16:19:04,358 -INFO - Response: 200 | Time: 38.00 ms
2023-05-11 16:19:04,628 -INFO - Request: OPTIONS http://localhost:8000/api/v1/suggestion
2023-05-11 16:19:04,629 -INFO - Response: 200 | Time: 1.00 ms
2023-05-11 16:19:04,634 -INFO - Request: OPTIONS http://localhost:8000/api/v1/suggestion
2023-05-11 16:19:04,635 -INFO - Response: 200 | Time: 1.00 ms
2023-05-11 16:19:04,640 -INFO - Request: OPTIONS http://localhost:8000/api/v1/suggestion
2023-05-11 16:19:04,640 -INFO - Response: 200 | Time: 0.00 ms
2023-05-11 16:19:04,644 -INFO - Request: OPTIONS http://localhost:8000/api/v1/suggestion
2023-05-11 16:19:04,646 -INFO - Request: OPTIONS http://localhost:8000/api/v1/suggestion
2023-05-11 16:19:04,647 -INFO - Response: 200 | Time: 3.00 ms
2023-05-11 16:19:04,649 -INFO - Request: OPTIONS http://localhost:8000/api/v1/suggestion
2023-05-11 16:19:04,651 -INFO - Response: 200 | Time: 5.00 ms
2023-05-11 16:19:04,661 -INFO - Response: 200 | Time: 12.00 ms
2023-05-11 16:19:04,665 -INFO - Request: OPTIONS http://localhost:8000/api/v1/suggestion
2023-05-11 16:19:04,669 -INFO - Request: OPTIONS http://localhost:8000/api/v1/suggestion
2023-05-11 16:19:04,670 -INFO - Response: 200 | Time: 5.00 ms
2023-05-11 16:19:04,676 -INFO - Response: 200 | Time: 7.00 ms
2023-05-11 16:19:04,682 -INFO - Request: OPTIONS http://localhost:8000/api/v1/suggestion
2023-05-11 16:19:04,683 -INFO - Request: OPTIONS http://localhost:8000/api/v1/suggestion
2023-05-11 16:19:04,685 -INFO - Request: OPTIONS http://localhost:8000/api/v1/suggestion
2023-05-11 16:19:04,685 -INFO - Response: 200 | Time: 3.00 ms
2023-05-11 16:19:04,690 -INFO - Response: 200 | Time: 7.00 ms
2023-05-11 16:19:04,700 -INFO - Response: 200 | Time: 15.00 ms
2023-05-11 16:19:04,710 -INFO - Request: OPTIONS http://localhost:8000/api/v1/suggestion
2023-05-11 16:19:04,711 -INFO - Response: 200 | Time: 1.00 ms
2023-05-11 16:19:04,716 -INFO - Request: OPTIONS http://localhost:8000/api/v1/suggestion
2023-05-11 16:19:04,717 -INFO - Response: 200 | Time: 1.00 ms
2023-05-11 16:19:04,724 -INFO - Request: OPTIONS http://localhost:8000/api/v1/suggestion
2023-05-11 16:19:04,725 -INFO - Response: 200 | Time: 0.99 ms
2023-05-11 16:19:04,730 -INFO - Request: OPTIONS http://localhost:8000/api/v1/suggestion
2023-05-11 16:19:04,731 -INFO - Response: 200 | Time: 1.00 ms
2023-05-11 16:19:04,736 -INFO - Request: OPTIONS http://localhost:8000/api/v1/suggestion
2023-05-11 16:19:04,737 -INFO - Response: 200 | Time: 1.00 ms
2023-05-11 16:19:04,744 -INFO - Request: OPTIONS http://localhost:8000/api/v1/suggestion
2023-05-11 16:19:04,745 -INFO - Response: 200 | Time: 1.00 ms
2023-05-11 16:19:04,751 -INFO - Request: OPTIONS http://localhost:8000/api/v1/suggestion
2023-05-11 16:19:04,752 -INFO - Response: 200 | Time: 1.00 ms
2023-05-11 16:19:04,758 -INFO - Request: OPTIONS http://localhost:8000/api/v1/suggestion
2023-05-11 16:19:04,760 -INFO - Response: 200 | Time: 1.00 ms
2023-05-11 16:19:04,766 -INFO - Request: OPTIONS http://localhost:8000/api/v1/suggestion
2023-05-11 16:19:04,767 -INFO - Response: 200 | Time: 1.00 ms
2023-05-11 16:19:04,773 -INFO - Request: OPTIONS http://localhost:8000/api/v1/suggestion
2023-05-11 16:19:04,775 -INFO - Response: 200 | Time: 2.00 ms
2023-05-11 16:19:04,780 -INFO - Request: OPTIONS http://localhost:8000/api/v1/suggestion
2023-05-11 16:19:04,781 -INFO - Response: 200 | Time: 1.00 ms
2023-05-11 16:19:04,786 -INFO - Request: OPTIONS http://localhost:8000/api/v1/suggestion
2023-05-11 16:19:04,787 -INFO - Response: 200 | Time: 1.00 ms
2023-05-11 16:19:04,794 -INFO - Request: OPTIONS http://localhost:8000/api/v1/suggestion
2023-05-11 16:19:04,795 -INFO - Response: 200 | Time: 1.00 ms
2023-05-11 16:19:04,800 -INFO - Request: OPTIONS http://localhost:8000/api/v1/suggestion
2023-05-11 16:19:04,801 -INFO - Response: 200 | Time: 1.00 ms
2023-05-11 16:19:04,808 -INFO - Request: POST http://localhost:8000/api/v1/suggestion
2023-05-11 16:19:20,092 -INFO - Response: 200 | Time: 15284.34 ms
2023-05-11 16:19:20,103 -INFO - Request: POST http://localhost:8000/api/v1/suggestion
2023-05-11 16:19:20,105 -INFO - Request: POST http://localhost:8000/api/v1/suggestion
2023-05-11 16:19:20,108 -INFO - Request: POST http://localhost:8000/api/v1/suggestion
2023-05-11 16:19:20,110 -INFO - Request: POST http://localhost:8000/api/v1/suggestion
2023-05-11 16:19:20,112 -INFO - Request: POST http://localhost:8000/api/v1/suggestion
2023-05-11 16:19:34,461 -INFO - Request: POST http://localhost:8000/api/v1/suggestion
2023-05-11 16:19:50,836 -INFO - Request: POST http://localhost:8000/api/v1/suggestion
2023-05-11 16:20:04,555 -INFO - Request: POST http://localhost:8000/api/v1/suggestion
2023-05-11 16:20:04,557 -INFO - Response: 200 | Time: 44453.70 ms
2023-05-11 16:20:37,426 -INFO - Request: POST http://localhost:8000/api/v1/suggestion
2023-05-11 16:20:37,426 -INFO - Request: POST http://localhost:8000/api/v1/suggestion
2023-05-11 16:20:37,426 -INFO - Request: POST http://localhost:8000/api/v1/suggestion
2023-05-11 16:20:37,442 -INFO - Request: POST http://localhost:8000/api/v1/suggestion
2023-05-11 16:20:37,442 -INFO - Request: POST http://localhost:8000/api/v1/suggestion
2023-05-11 16:21:17,749 -INFO - Request: POST http://localhost:8000/api/v1/suggestion
2023-05-11 16:21:17,749 -INFO - Response: 200 | Time: 40323.28 ms
2023-05-11 16:21:17,749 -INFO - Response: 200 | Time: 40323.28 ms
2023-05-11 16:21:30,611 -INFO - Response: 200 | Time: 53184.90 ms
2023-05-11 16:21:54,011 -INFO - Request: POST http://localhost:8000/api/v1/suggestion
2023-05-11 16:21:54,013 -INFO - Request: POST http://localhost:8000/api/v1/suggestion
2023-05-11 16:22:46,215 -INFO - Request: POST http://localhost:8000/api/v1/suggestion
2023-05-11 16:23:15,675 -INFO - Response: 200 | Time: 29459.78 ms
2023-05-11 16:25:40,173 -INFO - Request: POST http://localhost:8000/api/v1/suggestion
2023-05-11 16:26:07,920 -INFO - Response: 200 | Time: 27747.11 ms
2023-05-11 16:27:01,683 -INFO - Request: POST http://localhost:8000/api/v1/suggestion
2023-05-11 16:27:30,712 -INFO - Response: 200 | Time: 29028.33 ms
2023-05-11 16:29:21,065 -INFO - Request: OPTIONS http://localhost:8000/api/v1/suggestion
2023-05-11 16:29:21,065 -INFO - Response: 200 | Time: 0.00 ms
2023-05-11 16:29:21,065 -INFO - Request: POST http://localhost:8000/api/v1/suggestion
2023-05-11 16:29:50,666 -INFO - Response: 200 | Time: 29601.26 ms
2023-05-11 16:30:55,409 -INFO - Request: POST http://localhost:8000/api/v1/suggestion
2023-05-11 16:31:23,773 -INFO - Response: 200 | Time: 28364.10 ms
2023-05-11 16:31:58,783 -INFO - Request: POST http://localhost:8000/api/v1/suggestion
2023-05-11 16:32:28,101 -INFO - Response: 200 | Time: 29318.40 ms
2023-05-11 16:33:51,725 -INFO - Request: POST http://localhost:8000/api/v1/suggestion
2023-05-11 16:34:20,368 -INFO - Response: 200 | Time: 28642.88 ms
2023-05-11 16:48:04,657 -INFO - Request: OPTIONS http://localhost:8000/api/v1/stable_diffustion
2023-05-11 16:48:04,657 -INFO - Response: 200 | Time: 0.00 ms
2023-05-11 16:48:04,673 -INFO - Request: POST http://localhost:8000/api/v1/stable_diffustion
2023-05-11 16:48:46,268 -INFO - Response: 200 | Time: 41595.47 ms
2023-05-11 16:49:22,001 -INFO - Request: POST http://localhost:8000/api/v1/stable_diffustion
2023-05-11 16:50:12,494 -INFO - Response: 200 | Time: 50492.50 ms
2023-05-11 16:51:10,418 -INFO - Request: POST http://localhost:8000/api/v1/stable_diffustion
2023-05-11 16:51:57,878 -INFO - Response: 200 | Time: 47459.22 ms
2023-05-11 16:54:34,718 -INFO - Request: POST http://localhost:8000/api/v1/stable_diffustion
2023-05-11 16:55:29,291 -INFO - Response: 200 | Time: 54573.65 ms
2023-05-11 16:59:06,899 -INFO - Request: OPTIONS http://localhost:8000/api/v1/stable_diffustion
2023-05-11 16:59:06,900 -INFO - Response: 200 | Time: 1.00 ms
2023-05-11 16:59:06,907 -INFO - Request: POST http://localhost:8000/api/v1/stable_diffustion
2023-05-11 16:59:44,301 -INFO - Response: 200 | Time: 37394.66 ms
2023-05-11 16:59:56,264 -INFO - Request: POST http://localhost:8000/api/v1/stable_diffustion
2023-05-11 16:59:57,626 -INFO - Response: 200 | Time: 1362.53 ms
2023-05-11 17:02:44,915 -INFO - Request: POST http://localhost:8000/api/v1/stable_diffustion
2023-05-11 17:03:22,337 -INFO - Response: 200 | Time: 37422.60 ms
2023-05-11 17:06:37,330 -INFO - Request: POST http://localhost:8000/api/v1/stable_diffustion
2023-05-11 17:07:29,409 -INFO - Response: 200 | Time: 52079.68 ms
2023-05-12 05:22:36,024 -INFO - Request: OPTIONS http://localhost:8000/api/v1/suggestion
2023-05-12 05:22:36,026 -INFO - Response: 200 | Time: 2.00 ms
2023-05-12 05:22:36,037 -INFO - Request: POST http://localhost:8000/api/v1/suggestion
2023-05-12 05:22:42,543 -INFO - Response: 200 | Time: 6505.70 ms
2023-05-12 05:23:46,801 -INFO - Request: POST http://localhost:8000/api/v1/suggestion
2023-05-12 05:24:37,168 -INFO - Request: POST http://localhost:8000/api/v1/suggestion
2023-05-12 05:25:04,117 -INFO - Request: POST http://localhost:8000/api/v1/suggestion
2023-05-12 05:25:11,185 -INFO - Response: 200 | Time: 7068.73 ms
2023-05-12 05:26:58,180 -INFO - Request: POST http://localhost:8000/api/v1/suggestion
2023-05-12 05:27:32,915 -INFO - Request: POST http://localhost:8000/api/v1/suggestion
2023-05-12 05:28:37,364 -INFO - Request: POST http://localhost:8000/api/v1/suggestion
2023-05-12 05:28:37,365 -INFO - Response: 200 | Time: 1.00 ms
2023-05-12 05:31:39,693 -INFO - Request: POST http://localhost:8000/api/v1/suggestion
2023-05-12 05:31:39,697 -INFO - Response: 200 | Time: 3.00 ms
2023-05-12 05:31:45,750 -INFO - Request: POST http://localhost:8000/api/v1/suggestion
2023-05-12 05:31:45,753 -INFO - Response: 200 | Time: 3.00 ms
2023-05-12 05:32:34,353 -INFO - Request: POST http://localhost:8000/api/v1/suggestion
2023-05-12 05:32:34,356 -INFO - Response: 200 | Time: 2.95 ms
2023-05-12 05:32:46,379 -INFO - Request: OPTIONS http://localhost:8000/api/v1/suggestion
2023-05-12 05:32:46,380 -INFO - Response: 200 | Time: 1.00 ms
2023-05-12 05:32:46,387 -INFO - Request: POST http://localhost:8000/api/v1/suggestion
2023-05-12 05:32:50,477 -INFO - Response: 200 | Time: 4089.21 ms
2023-05-12 05:35:42,197 -INFO - Request: POST http://localhost:8000/api/v1/suggestion
2023-05-12 05:35:45,981 -INFO - Response: 200 | Time: 3783.90 ms
2023-05-12 05:38:08,103 -INFO - Request: OPTIONS http://localhost:8000/api/v1/stable_diffustion
2023-05-12 05:38:08,104 -INFO - Response: 200 | Time: 1.03 ms
2023-05-12 05:38:08,110 -INFO - Request: POST http://localhost:8000/api/v1/stable_diffustion
2023-05-12 05:38:08,111 -INFO - Response: 200 | Time: 1.00 ms
2023-05-12 05:41:39,712 -INFO - Request: POST http://localhost:8000/api/v1/stable_diffustion
2023-05-12 05:41:39,713 -INFO - Response: 200 | Time: 1.00 ms
2023-05-12 05:42:39,421 -INFO - Request: POST http://localhost:8000/api/v1/stable_diffustion
2023-05-12 05:42:39,424 -INFO - Response: 200 | Time: 3.01 ms
2023-05-12 05:48:01,965 -INFO - Request: POST http://localhost:8000/api/v1/stable_diffustion
2023-05-12 05:48:01,971 -INFO - Response: 200 | Time: 5.71 ms
2023-05-12 05:48:48,464 -INFO - Request: OPTIONS http://localhost:8000/api/v1/stable_diffustion
2023-05-12 05:48:48,465 -INFO - Response: 200 | Time: 1.00 ms
2023-05-12 05:48:48,470 -INFO - Request: POST http://localhost:8000/api/v1/stable_diffustion
2023-05-12 05:50:11,494 -INFO - Request: POST http://localhost:8000/api/v1/stable_diffustion
2023-05-12 05:51:02,479 -INFO - Request: POST http://localhost:8000/api/v1/stable_diffustion
2023-05-12 05:51:47,425 -INFO - Request: POST http://localhost:8000/api/v1/stable_diffustion
2023-05-12 05:53:34,356 -INFO - Request: POST http://localhost:8000/api/v1/stable_diffustion
2023-05-12 05:54:12,631 -INFO - Response: 200 | Time: 38275.19 ms
2023-05-12 05:54:54,968 -INFO - Request: OPTIONS http://localhost:8000/api/v1/suggestion
2023-05-12 05:54:54,970 -INFO - Response: 200 | Time: 1.01 ms
2023-05-12 05:54:54,976 -INFO - Request: POST http://localhost:8000/api/v1/suggestion
2023-05-12 05:55:03,875 -INFO - Response: 200 | Time: 8898.20 ms
2023-05-12 05:56:36,635 -INFO - Request: POST http://localhost:8000/api/v1/stable_diffustion
2023-05-12 05:57:11,562 -INFO - Response: 200 | Time: 34927.06 ms
2023-05-12 09:09:59,046 -INFO - Request: OPTIONS http://localhost:8000/api/v1/suggestion
2023-05-12 09:09:59,046 -INFO - Response: 200 | Time: 0.00 ms
2023-05-12 09:09:59,046 -INFO - Request: POST http://localhost:8000/api/v1/suggestion
2023-05-12 09:11:20,737 -INFO - Request: POST http://localhost:8000/api/v1/suggestion
2023-05-12 09:11:41,735 -INFO - Response: 200 | Time: 20997.97 ms
2023-05-12 09:13:23,094 -INFO - Request: POST http://localhost:8000/api/v1/suggestion
2023-05-12 09:13:27,288 -INFO - Response: 200 | Time: 4194.15 ms
2023-05-12 09:13:54,084 -INFO - Request: POST http://localhost:8000/api/v1/suggestion
2023-05-12 09:13:54,084 -INFO - Response: 422 | Time: 0.00 ms
2023-05-12 09:14:06,747 -INFO - Request: POST http://localhost:8000/api/v1/suggestion
2023-05-12 09:14:06,747 -INFO - Response: 422 | Time: 0.00 ms
2023-05-12 09:14:19,242 -INFO - Request: POST http://localhost:8000/api/v1/suggestion
2023-05-12 09:14:45,364 -INFO - Response: 200 | Time: 26122.35 ms
2023-05-12 09:15:34,436 -INFO - Request: OPTIONS http://localhost:8000/api/v1/stable_diffustion
2023-05-12 09:15:34,437 -INFO - Response: 200 | Time: 1.01 ms
2023-05-12 09:15:34,448 -INFO - Request: POST http://localhost:8000/api/v1/stable_diffustion
2023-05-12 09:17:04,282 -INFO - Request: POST http://localhost:8000/api/v1/stable_diffustion
2023-05-12 09:18:21,868 -INFO - Request: POST http://localhost:8000/api/v1/stable_diffustion
2023-05-12 09:19:45,275 -INFO - Request: POST http://localhost:8000/api/v1/stable_diffustion
2023-05-12 09:19:47,137 -INFO - Response: 200 | Time: 1861.65 ms
